<?xml version="1.0" encoding="UTF-8"?>
<testng-results ignored="0" total="0" passed="0" failed="0" skipped="0">
  <reporter-output>
  </reporter-output>
  <suite started-at="2021-03-11T23:41:36 IST" name="cucumber_test.TestRunner" finished-at="2021-03-11T23:41:36 IST" duration-ms="14">
    <groups>
    </groups>
    <test started-at="2021-03-11T23:41:36 IST" name="Command line test" finished-at="2021-03-11T23:41:36 IST" duration-ms="14">
    </test> <!-- Command line test -->
  </suite> <!-- cucumber_test.TestRunner -->
</testng-results>
